[debug] [2021-02-09T16:11:46.159Z] ----------------------------------------------------------------------
[debug] [2021-02-09T16:11:46.160Z] Command:       C:\Program Files\nodejs\node.exe C:\Users\Usuario\AppData\Roaming\npm\node_modules\firebase-tools\lib\bin\firebase.js init
[debug] [2021-02-09T16:11:46.161Z] CLI Version:   9.3.0
[debug] [2021-02-09T16:11:46.161Z] Platform:      win32
[debug] [2021-02-09T16:11:46.161Z] Node Version:  v14.15.4
[debug] [2021-02-09T16:11:46.162Z] Time:          Tue Feb 09 2021 17:11:46 GMT+0100 (czas środkowoeuropejski standardowy)
[debug] [2021-02-09T16:11:46.162Z] ----------------------------------------------------------------------
[debug] [2021-02-09T16:11:46.162Z] 
[debug] [2021-02-09T16:11:46.166Z] > command requires scopes: ["email","openid","https://www.googleapis.com/auth/cloudplatformprojects.readonly","https://www.googleapis.com/auth/firebase","https://www.googleapis.com/auth/cloud-platform"]
[debug] [2021-02-09T16:11:46.167Z] > authorizing via signed-in user
[info] 
     ######## #### ########  ######## ########     ###     ######  ########
     ##        ##  ##     ## ##       ##     ##  ##   ##  ##       ##
     ######    ##  ########  ######   ########  #########  ######  ######
     ##        ##  ##    ##  ##       ##     ## ##     ##       ## ##
     ##       #### ##     ## ######## ########  ##     ##  ######  ########

You're about to initialize a Firebase project in this directory:

  C:\Users\Usuario\Desktop\strona-github\lukaszprotosawicki.github.io

[info] 
=== Project Setup
[info] 
[info] First, let's associate this project directory with a Firebase project.
[info] You can create multiple project aliases by running firebase use --add, 
[info] but for now we'll just set up a default project.
[info] 
[debug] [2021-02-09T16:12:08.927Z] > refreshing access token with scopes: []
[debug] [2021-02-09T16:12:08.927Z] >>> HTTP REQUEST POST https://www.googleapis.com/oauth2/v3/token  
 <request body omitted>
[debug] [2021-02-09T16:12:09.101Z] <<< HTTP RESPONSE 200 {"cache-control":"no-cache, no-store, max-age=0, must-revalidate","expires":"Mon, 01 Jan 1990 00:00:00 GMT","pragma":"no-cache","date":"Tue, 09 Feb 2021 16:12:08 GMT","content-type":"application/json; charset=utf-8","vary":"X-Origin, Referer, Origin,Accept-Encoding","server":"scaffolding on HTTPServer2","x-xss-protection":"0","x-frame-options":"SAMEORIGIN","x-content-type-options":"nosniff","alt-svc":"h3-29=\":443\"; ma=2592000,h3-T051=\":443\"; ma=2592000,h3-Q050=\":443\"; ma=2592000,h3-Q046=\":443\"; ma=2592000,h3-Q043=\":443\"; ma=2592000,quic=\":443\"; ma=2592000; v=\"46,43\"","accept-ranges":"none","transfer-encoding":"chunked"}
[debug] [2021-02-09T16:12:09.110Z] >>> [apiv2][query] GET https://firebase.googleapis.com/v1beta1/projects pageSize=100
[debug] [2021-02-09T16:12:09.413Z] <<< [apiv2][status] GET https://firebase.googleapis.com/v1beta1/projects 200
[debug] [2021-02-09T16:12:09.414Z] <<< [apiv2][body] GET https://firebase.googleapis.com/v1beta1/projects [omitted]
[info] i  Using project lukaszprotosawicki-4c4d5 (lukaszprotosawicki) 
[info] 
=== Hosting Setup
[info] 
[info] Your public directory is the folder (relative to your project directory) that
[info] will contain Hosting assets to be uploaded with firebase deploy. If you
[info] have a build process for your assets, use your build's output directory.
[info] 
[info] +  Wrote y/404.html 
[debug] [2021-02-09T16:15:00.184Z] >>> [apiv2][query] GET https://www.gstatic.com/firebasejs/releases.json [none]
[debug] [2021-02-09T16:15:00.286Z] <<< [apiv2][status] GET https://www.gstatic.com/firebasejs/releases.json 200
[debug] [2021-02-09T16:15:00.286Z] <<< [apiv2][body] GET https://www.gstatic.com/firebasejs/releases.json {"current":{"version":"8.2.6","browserURL":"https://www.gstatic.com/firebasejs/8.2.6/firebase.js","packageURL":"https://www.gstatic.com/firebasejs/8.2.6/firebase.tgz"},"live":{"version":"8.2","browserURL":"https://www.gstatic.com/firebasejs/live/8.2/firebase.js","packageURL":"https://www.gstatic.com/firebasejs/live/8.2/firebase.tgz"},"components":{"analytics":"https://www.gstatic.com/firebasejs/8.2.6/firebase-analytics.js","app":"https://www.gstatic.com/firebasejs/8.2.6/firebase-app.js","auth":"https://www.gstatic.com/firebasejs/8.2.6/firebase-auth.js","database":"https://www.gstatic.com/firebasejs/8.2.6/firebase-database.js","firestore":"https://www.gstatic.com/firebasejs/8.2.6/firebase-firestore.js","functions":"https://www.gstatic.com/firebasejs/8.2.6/firebase-functions.js","installations":"https://www.gstatic.com/firebasejs/8.2.6/firebase-installations.js","messaging":"https://www.gstatic.com/firebasejs/8.2.6/firebase-messaging.js","storage":"https://www.gstatic.com/firebasejs/8.2.6/firebase-storage.js","performance":"https://www.gstatic.com/firebasejs/8.2.6/firebase-performance.js","remote-config":"https://www.gstatic.com/firebasejs/8.2.6/firebase-remote-config.js","firestore.memory":"https://www.gstatic.com/firebasejs/8.2.6/firebase-firestore.memory.js"}}
[info] +  Wrote y/index.html 
[info] 
[info] i  Detected a .git folder at C:\Users\Usuario\Desktop\strona-github\lukaszprotosawicki.github.io 
[info] i  Authorizing with GitHub to upload your service account to a GitHub repository's secrets store. 
[info] 
[info] Visit this URL on this device to log in:
[info] https://github.com/login/oauth/authorize?client_id=89cf50f02ac6aaed3484&state=913824558&redirect_uri=http%3A%2F%2Flocalhost%3A9005&scope=read%3Auser%20repo%20public_repo
[info] 
[info] Waiting for authentication...
[debug] [2021-02-09T16:15:22.970Z] >>> HTTP REQUEST POST https://github.com/login/oauth/access_token  
 {"client_id":"89cf50f02ac6aaed3484","client_secret":"3330d14abc895d9a74d5f17cd7a00711fa2c5bf0","code":"f9eb4839566ebde8760f","redirect_uri":"http://localhost:9005","state":"913824558"}
[debug] [2021-02-09T16:15:23.250Z] <<< HTTP RESPONSE 200 {"date":"Tue, 09 Feb 2021 16:15:22 GMT","content-type":"application/json; charset=utf-8","transfer-encoding":"chunked","server":"GitHub.com","vary":"X-PJAX, Accept-Encoding, Accept, X-Requested-With, Accept-Encoding","etag":"W/\"ec34aaec14375b4e72a438c8f47d3fa3\"","cache-control":"max-age=0, private, must-revalidate","strict-transport-security":"max-age=31536000; includeSubdomains; preload","x-frame-options":"deny","x-content-type-options":"nosniff","x-xss-protection":"1; mode=block","referrer-policy":"origin-when-cross-origin, strict-origin-when-cross-origin","expect-ct":"max-age=2592000, report-uri=\"https://api.github.com/_private/browser/errors\"","content-security-policy":"default-src 'none'; base-uri 'self'; block-all-mixed-content; connect-src 'self' uploads.github.com www.githubstatus.com collector.githubapp.com api.github.com github-cloud.s3.amazonaws.com github-production-repository-file-5c1aeb.s3.amazonaws.com github-production-upload-manifest-file-7fdce7.s3.amazonaws.com github-production-user-asset-6210df.s3.amazonaws.com cdn.optimizely.com logx.optimizely.com/v1/events wss://alive.github.com; font-src github.githubassets.com; form-action 'self' github.com gist.github.com; frame-ancestors 'none'; frame-src render.githubusercontent.com; img-src 'self' data: github.githubassets.com identicons.github.com collector.githubapp.com github-cloud.s3.amazonaws.com *.githubusercontent.com; manifest-src 'self'; media-src 'none'; script-src github.githubassets.com; style-src 'unsafe-inline' github.githubassets.com; worker-src github.com/socket-worker-5029ae85.js gist.github.com/socket-worker-5029ae85.js","x-github-request-id":"CCBD:6BEF:97B0FD:BC8478:6022B51A"}
[debug] [2021-02-09T16:15:23.251Z] >>> [apiv2][query] GET https://api.github.com/user [none]
[debug] [2021-02-09T16:15:23.551Z] <<< [apiv2][status] GET https://api.github.com/user 200
[debug] [2021-02-09T16:15:23.552Z] <<< [apiv2][body] GET https://api.github.com/user {"login":"lukaszprotosawicki","id":70949306,"node_id":"MDQ6VXNlcjcwOTQ5MzA2","avatar_url":"https://avatars.githubusercontent.com/u/70949306?v=4","gravatar_id":"","url":"https://api.github.com/users/lukaszprotosawicki","html_url":"https://github.com/lukaszprotosawicki","followers_url":"https://api.github.com/users/lukaszprotosawicki/followers","following_url":"https://api.github.com/users/lukaszprotosawicki/following{/other_user}","gists_url":"https://api.github.com/users/lukaszprotosawicki/gists{/gist_id}","starred_url":"https://api.github.com/users/lukaszprotosawicki/starred{/owner}{/repo}","subscriptions_url":"https://api.github.com/users/lukaszprotosawicki/subscriptions","organizations_url":"https://api.github.com/users/lukaszprotosawicki/orgs","repos_url":"https://api.github.com/users/lukaszprotosawicki/repos","events_url":"https://api.github.com/users/lukaszprotosawicki/events{/privacy}","received_events_url":"https://api.github.com/users/lukaszprotosawicki/received_events","type":"User","site_admin":false,"name":"Lukasz Protosawicki","company":null,"blog":"www.linkedin.com/in/łukasz-protosawicki-22473783","location":"Gorzów Wielkopolski","email":null,"hireable":true,"bio":null,"twitter_username":null,"public_repos":18,"public_gists":0,"followers":0,"following":0,"created_at":"2020-09-08T10:39:07Z","updated_at":"2021-02-09T16:15:22Z","private_gists":0,"total_private_repos":17,"owned_private_repos":0,"disk_usage":18102,"collaborators":0,"two_factor_authentication":false,"plan":{"name":"free","space":976562499,"collaborators":0,"private_repos":10000}}
[info] 
[info] +  Success! Logged into GitHub as lukaszprotosawicki 
[info] 
[debug] [2021-02-09T16:16:33.025Z] >>> [apiv2][query] GET https://api.github.com/repos/lukaszprotosawicki/lukaszprotosawicki.github.io/actions/secrets/public-key type=owner
[debug] [2021-02-09T16:16:33.270Z] <<< [apiv2][status] GET https://api.github.com/repos/lukaszprotosawicki/lukaszprotosawicki.github.io/actions/secrets/public-key 200
[debug] [2021-02-09T16:16:33.270Z] <<< [apiv2][body] GET https://api.github.com/repos/lukaszprotosawicki/lukaszprotosawicki.github.io/actions/secrets/public-key {"key_id":"568250167242549743","key":"2waKBX7t6/ejmGj0FKddG4jXSOzWmV0O5b9M5KG2jz8="}
[debug] [2021-02-09T16:16:33.272Z] >>> [apiv2][query] GET https://api.github.com/repos/lukaszprotosawicki/lukaszprotosawicki.github.io [none]
[debug] [2021-02-09T16:16:33.533Z] <<< [apiv2][status] GET https://api.github.com/repos/lukaszprotosawicki/lukaszprotosawicki.github.io 200
[debug] [2021-02-09T16:16:33.533Z] <<< [apiv2][body] GET https://api.github.com/repos/lukaszprotosawicki/lukaszprotosawicki.github.io {"id":299088551,"node_id":"MDEwOlJlcG9zaXRvcnkyOTkwODg1NTE=","name":"lukaszprotosawicki.github.io","full_name":"lukaszprotosawicki/lukaszprotosawicki.github.io","private":false,"owner":{"login":"lukaszprotosawicki","id":70949306,"node_id":"MDQ6VXNlcjcwOTQ5MzA2","avatar_url":"https://avatars.githubusercontent.com/u/70949306?v=4","gravatar_id":"","url":"https://api.github.com/users/lukaszprotosawicki","html_url":"https://github.com/lukaszprotosawicki","followers_url":"https://api.github.com/users/lukaszprotosawicki/followers","following_url":"https://api.github.com/users/lukaszprotosawicki/following{/other_user}","gists_url":"https://api.github.com/users/lukaszprotosawicki/gists{/gist_id}","starred_url":"https://api.github.com/users/lukaszprotosawicki/starred{/owner}{/repo}","subscriptions_url":"https://api.github.com/users/lukaszprotosawicki/subscriptions","organizations_url":"https://api.github.com/users/lukaszprotosawicki/orgs","repos_url":"https://api.github.com/users/lukaszprotosawicki/repos","events_url":"https://api.github.com/users/lukaszprotosawicki/events{/privacy}","received_events_url":"https://api.github.com/users/lukaszprotosawicki/received_events","type":"User","site_admin":false},"html_url":"https://github.com/lukaszprotosawicki/lukaszprotosawicki.github.io","description":"https://lukaszprotosawicki.github.io/","fork":false,"url":"https://api.github.com/repos/lukaszprotosawicki/lukaszprotosawicki.github.io","forks_url":"https://api.github.com/repos/lukaszprotosawicki/lukaszprotosawicki.github.io/forks","keys_url":"https://api.github.com/repos/lukaszprotosawicki/lukaszprotosawicki.github.io/keys{/key_id}","collaborators_url":"https://api.github.com/repos/lukaszprotosawicki/lukaszprotosawicki.github.io/collaborators{/collaborator}","teams_url":"https://api.github.com/repos/lukaszprotosawicki/lukaszprotosawicki.github.io/teams","hooks_url":"https://api.github.com/repos/lukaszprotosawicki/lukaszprotosawicki.github.io/hooks","issue_events_url":"https://api.github.com/repos/lukaszprotosawicki/lukaszprotosawicki.github.io/issues/events{/number}","events_url":"https://api.github.com/repos/lukaszprotosawicki/lukaszprotosawicki.github.io/events","assignees_url":"https://api.github.com/repos/lukaszprotosawicki/lukaszprotosawicki.github.io/assignees{/user}","branches_url":"https://api.github.com/repos/lukaszprotosawicki/lukaszprotosawicki.github.io/branches{/branch}","tags_url":"https://api.github.com/repos/lukaszprotosawicki/lukaszprotosawicki.github.io/tags","blobs_url":"https://api.github.com/repos/lukaszprotosawicki/lukaszprotosawicki.github.io/git/blobs{/sha}","git_tags_url":"https://api.github.com/repos/lukaszprotosawicki/lukaszprotosawicki.github.io/git/tags{/sha}","git_refs_url":"https://api.github.com/repos/lukaszprotosawicki/lukaszprotosawicki.github.io/git/refs{/sha}","trees_url":"https://api.github.com/repos/lukaszprotosawicki/lukaszprotosawicki.github.io/git/trees{/sha}","statuses_url":"https://api.github.com/repos/lukaszprotosawicki/lukaszprotosawicki.github.io/statuses/{sha}","languages_url":"https://api.github.com/repos/lukaszprotosawicki/lukaszprotosawicki.github.io/languages","stargazers_url":"https://api.github.com/repos/lukaszprotosawicki/lukaszprotosawicki.github.io/stargazers","contributors_url":"https://api.github.com/repos/lukaszprotosawicki/lukaszprotosawicki.github.io/contributors","subscribers_url":"https://api.github.com/repos/lukaszprotosawicki/lukaszprotosawicki.github.io/subscribers","subscription_url":"https://api.github.com/repos/lukaszprotosawicki/lukaszprotosawicki.github.io/subscription","commits_url":"https://api.github.com/repos/lukaszprotosawicki/lukaszprotosawicki.github.io/commits{/sha}","git_commits_url":"https://api.github.com/repos/lukaszprotosawicki/lukaszprotosawicki.github.io/git/commits{/sha}","comments_url":"https://api.github.com/repos/lukaszprotosawicki/lukaszprotosawicki.github.io/comments{/number}","issue_comment_url":"https://api.github.com/repos/lukaszprotosawicki/lukaszprotosawicki.github.io/issues/comments{/number}","contents_url":"https://api.github.com/repos/lukaszprotosawicki/lukaszprotosawicki.github.io/contents/{+path}","compare_url":"https://api.github.com/repos/lukaszprotosawicki/lukaszprotosawicki.github.io/compare/{base}...{head}","merges_url":"https://api.github.com/repos/lukaszprotosawicki/lukaszprotosawicki.github.io/merges","archive_url":"https://api.github.com/repos/lukaszprotosawicki/lukaszprotosawicki.github.io/{archive_format}{/ref}","downloads_url":"https://api.github.com/repos/lukaszprotosawicki/lukaszprotosawicki.github.io/downloads","issues_url":"https://api.github.com/repos/lukaszprotosawicki/lukaszprotosawicki.github.io/issues{/number}","pulls_url":"https://api.github.com/repos/lukaszprotosawicki/lukaszprotosawicki.github.io/pulls{/number}","milestones_url":"https://api.github.com/repos/lukaszprotosawicki/lukaszprotosawicki.github.io/milestones{/number}","notifications_url":"https://api.github.com/repos/lukaszprotosawicki/lukaszprotosawicki.github.io/notifications{?since,all,participating}","labels_url":"https://api.github.com/repos/lukaszprotosawicki/lukaszprotosawicki.github.io/labels{/name}","releases_url":"https://api.github.com/repos/lukaszprotosawicki/lukaszprotosawicki.github.io/releases{/id}","deployments_url":"https://api.github.com/repos/lukaszprotosawicki/lukaszprotosawicki.github.io/deployments","created_at":"2020-09-27T17:57:37Z","updated_at":"2021-02-08T16:18:53Z","pushed_at":"2021-02-08T16:19:22Z","git_url":"git://github.com/lukaszprotosawicki/lukaszprotosawicki.github.io.git","ssh_url":"git@github.com:lukaszprotosawicki/lukaszprotosawicki.github.io.git","clone_url":"https://github.com/lukaszprotosawicki/lukaszprotosawicki.github.io.git","svn_url":"https://github.com/lukaszprotosawicki/lukaszprotosawicki.github.io","homepage":"","size":5680,"stargazers_count":0,"watchers_count":0,"language":"JavaScript","has_issues":true,"has_projects":true,"has_downloads":true,"has_wiki":true,"has_pages":true,"forks_count":0,"mirror_url":null,"archived":false,"disabled":false,"open_issues_count":0,"license":null,"forks":0,"open_issues":0,"watchers":0,"default_branch":"master","permissions":{"admin":true,"push":true,"pull":true},"temp_clone_token":"","allow_squash_merge":true,"allow_merge_commit":true,"allow_rebase_merge":true,"delete_branch_on_merge":false,"network_count":0,"subscribers_count":1}
[debug] [2021-02-09T16:16:33.535Z] > refreshing access token with scopes: ["email","https://www.googleapis.com/auth/cloud-platform","https://www.googleapis.com/auth/cloudplatformprojects.readonly","https://www.googleapis.com/auth/firebase","openid"]
[debug] [2021-02-09T16:16:33.535Z] >>> HTTP REQUEST POST https://www.googleapis.com/oauth2/v3/token  
 <request body omitted>
[debug] [2021-02-09T16:16:33.688Z] <<< HTTP RESPONSE 200 {"date":"Tue, 09 Feb 2021 16:16:33 GMT","expires":"Mon, 01 Jan 1990 00:00:00 GMT","cache-control":"no-cache, no-store, max-age=0, must-revalidate","pragma":"no-cache","content-type":"application/json; charset=utf-8","vary":"X-Origin, Referer, Origin,Accept-Encoding","server":"scaffolding on HTTPServer2","x-xss-protection":"0","x-frame-options":"SAMEORIGIN","x-content-type-options":"nosniff","alt-svc":"h3-29=\":443\"; ma=2592000,h3-T051=\":443\"; ma=2592000,h3-Q050=\":443\"; ma=2592000,h3-Q046=\":443\"; ma=2592000,h3-Q043=\":443\"; ma=2592000,quic=\":443\"; ma=2592000; v=\"46,43\"","accept-ranges":"none","transfer-encoding":"chunked"}
[debug] [2021-02-09T16:16:33.691Z] >>> HTTP REQUEST POST https://iam.googleapis.com/v1/projects/lukaszprotosawicki-4c4d5/serviceAccounts  
 {"accountId":"github-action-299088551","serviceAccount":{"displayName":"GitHub Actions (lukaszprotosawicki/lukaszprotosawicki.github.io)","description":"A service account with permission to deploy to Firebase Hosting for the GitHub repository lukaszprotosawicki/lukaszprotosawicki.github.io"}}
[debug] [2021-02-09T16:16:34.726Z] <<< HTTP RESPONSE 200 {"content-type":"application/json; charset=UTF-8","vary":"X-Origin, Referer, Origin,Accept-Encoding","date":"Tue, 09 Feb 2021 16:16:34 GMT","server":"ESF","cache-control":"private","x-xss-protection":"0","x-frame-options":"SAMEORIGIN","x-content-type-options":"nosniff","alt-svc":"h3-29=\":443\"; ma=2592000,h3-T051=\":443\"; ma=2592000,h3-Q050=\":443\"; ma=2592000,h3-Q046=\":443\"; ma=2592000,h3-Q043=\":443\"; ma=2592000,quic=\":443\"; ma=2592000; v=\"46,43\"","accept-ranges":"none","transfer-encoding":"chunked"}
[debug] [2021-02-09T16:16:34.727Z] >>> HTTP REQUEST GET https://iam.googleapis.com/v1/projects/lukaszprotosawicki-4c4d5/serviceAccounts/github-action-299088551@lukaszprotosawicki-4c4d5.iam.gserviceaccount.com  
 
[debug] [2021-02-09T16:16:34.728Z] >>> HTTP REQUEST POST https://cloudresourcemanager.googleapis.com/v1/projects/lukaszprotosawicki-4c4d5:getIamPolicy  
 
[debug] [2021-02-09T16:16:35.554Z] <<< HTTP RESPONSE 200 {"content-type":"application/json; charset=UTF-8","vary":"X-Origin, Referer, Origin,Accept-Encoding","date":"Tue, 09 Feb 2021 16:16:35 GMT","server":"ESF","cache-control":"private","x-xss-protection":"0","x-frame-options":"SAMEORIGIN","x-content-type-options":"nosniff","alt-svc":"h3-29=\":443\"; ma=2592000,h3-T051=\":443\"; ma=2592000,h3-Q050=\":443\"; ma=2592000,h3-Q046=\":443\"; ma=2592000,h3-Q043=\":443\"; ma=2592000,quic=\":443\"; ma=2592000; v=\"46,43\"","accept-ranges":"none","transfer-encoding":"chunked"}
[debug] [2021-02-09T16:16:35.594Z] <<< HTTP RESPONSE 200 {"content-type":"application/json; charset=UTF-8","vary":"X-Origin, Referer, Origin,Accept-Encoding","date":"Tue, 09 Feb 2021 16:16:35 GMT","server":"ESF","cache-control":"private","x-xss-protection":"0","x-frame-options":"SAMEORIGIN","x-content-type-options":"nosniff","server-timing":"gfet4t7; dur=762","alt-svc":"h3-29=\":443\"; ma=2592000,h3-T051=\":443\"; ma=2592000,h3-Q050=\":443\"; ma=2592000,h3-Q046=\":443\"; ma=2592000,h3-Q043=\":443\"; ma=2592000,quic=\":443\"; ma=2592000; v=\"46,43\"","accept-ranges":"none","transfer-encoding":"chunked"}
[debug] [2021-02-09T16:16:35.596Z] >>> HTTP REQUEST POST https://cloudresourcemanager.googleapis.com/v1/projects/lukaszprotosawicki-4c4d5:setIamPolicy  
 {"policy":{"version":1,"etag":"BwW66YV/2dk=","bindings":[{"role":"roles/firebase.managementServiceAgent","members":["serviceAccount:firebase-service-account@firebase-sa-management.iam.gserviceaccount.com"]},{"role":"roles/firebase.sdkAdminServiceAgent","members":["serviceAccount:firebase-adminsdk-kjzrq@lukaszprotosawicki-4c4d5.iam.gserviceaccount.com"]},{"role":"roles/firebaseauth.admin","members":["serviceAccount:firebase-adminsdk-kjzrq@lukaszprotosawicki-4c4d5.iam.gserviceaccount.com","serviceAccount:github-action-299088551@lukaszprotosawicki-4c4d5.iam.gserviceaccount.com"]},{"role":"roles/firebaserules.system","members":["serviceAccount:service-994050648302@firebase-rules.iam.gserviceaccount.com"]},{"role":"roles/iam.serviceAccountTokenCreator","members":["serviceAccount:firebase-adminsdk-kjzrq@lukaszprotosawicki-4c4d5.iam.gserviceaccount.com"]},{"role":"roles/owner","members":["user:lukaszprotosawicki@gmail.com"]},{"role":"roles/serviceusage.apiKeysViewer","members":["serviceAccount:github-action-299088551@lukaszprotosawicki-4c4d5.iam.gserviceaccount.com"]},{"role":"roles/firebasehosting.admin","members":["serviceAccount:github-action-299088551@lukaszprotosawicki-4c4d5.iam.gserviceaccount.com"]},{"role":"roles/run.viewer","members":["serviceAccount:github-action-299088551@lukaszprotosawicki-4c4d5.iam.gserviceaccount.com"]}]},"updateMask":"bindings"}
[debug] [2021-02-09T16:16:36.932Z] <<< HTTP RESPONSE 200 {"content-type":"application/json; charset=UTF-8","vary":"X-Origin, Referer, Origin,Accept-Encoding","date":"Tue, 09 Feb 2021 16:16:36 GMT","server":"ESF","cache-control":"private","x-xss-protection":"0","x-frame-options":"SAMEORIGIN","x-content-type-options":"nosniff","server-timing":"gfet4t7; dur=1258","alt-svc":"h3-29=\":443\"; ma=2592000,h3-T051=\":443\"; ma=2592000,h3-Q050=\":443\"; ma=2592000,h3-Q046=\":443\"; ma=2592000,h3-Q043=\":443\"; ma=2592000,quic=\":443\"; ma=2592000; v=\"46,43\"","accept-ranges":"none","transfer-encoding":"chunked"}
[debug] [2021-02-09T16:16:36.933Z] >>> HTTP REQUEST POST https://iam.googleapis.com/v1/projects/lukaszprotosawicki-4c4d5/serviceAccounts/github-action-299088551@lukaszprotosawicki-4c4d5.iam.gserviceaccount.com/keys  
 {"keyAlgorithm":"KEY_ALG_UNSPECIFIED","privateKeyType":"TYPE_GOOGLE_CREDENTIALS_FILE"}
[debug] [2021-02-09T16:16:52.662Z] <<< HTTP RESPONSE 503 {"vary":"X-Origin, Referer, Origin,Accept-Encoding","content-type":"application/json; charset=UTF-8","date":"Tue, 09 Feb 2021 16:16:52 GMT","server":"ESF","cache-control":"private","x-xss-protection":"0","x-frame-options":"SAMEORIGIN","x-content-type-options":"nosniff","alt-svc":"h3-29=\":443\"; ma=2592000,h3-T051=\":443\"; ma=2592000,h3-Q050=\":443\"; ma=2592000,h3-Q046=\":443\"; ma=2592000,h3-Q043=\":443\"; ma=2592000,quic=\":443\"; ma=2592000; v=\"46,43\"","accept-ranges":"none","transfer-encoding":"chunked"}
[debug] [2021-02-09T16:16:52.662Z] <<< HTTP RESPONSE BODY {"error":{"code":503,"message":"The service is currently unavailable.","status":"UNAVAILABLE"}}
[error] 
[error] Error: HTTP Error: 503, The service is currently unavailable.
[debug] [2021-02-09T16:16:52.809Z] Error Context: {
  "body": {
    "error": {
      "code": 503,
      "message": "The service is currently unavailable.",
      "status": "UNAVAILABLE"
    }
  },
  "response": {
    "statusCode": 503,
    "body": {
      "error": {
        "code": 503,
        "message": "The service is currently unavailable.",
        "status": "UNAVAILABLE"
      }
    },
    "headers": {
      "vary": "X-Origin, Referer, Origin,Accept-Encoding",
      "content-type": "application/json; charset=UTF-8",
      "date": "Tue, 09 Feb 2021 16:16:52 GMT",
      "server": "ESF",
      "cache-control": "private",
      "x-xss-protection": "0",
      "x-frame-options": "SAMEORIGIN",
      "x-content-type-options": "nosniff",
      "alt-svc": "h3-29=\":443\"; ma=2592000,h3-T051=\":443\"; ma=2592000,h3-Q050=\":443\"; ma=2592000,h3-Q046=\":443\"; ma=2592000,h3-Q043=\":443\"; ma=2592000,quic=\":443\"; ma=2592000; v=\"46,43\"",
      "accept-ranges": "none",
      "transfer-encoding": "chunked"
    },
    "request": {
      "uri": {
        "protocol": "https:",
        "slashes": true,
        "auth": null,
        "host": "iam.googleapis.com",
        "port": 443,
        "hostname": "iam.googleapis.com",
        "hash": null,
        "search": null,
        "query": null,
        "pathname": "/v1/projects/lukaszprotosawicki-4c4d5/serviceAccounts/github-action-299088551@lukaszprotosawicki-4c4d5.iam.gserviceaccount.com/keys",
        "path": "/v1/projects/lukaszprotosawicki-4c4d5/serviceAccounts/github-action-299088551@lukaszprotosawicki-4c4d5.iam.gserviceaccount.com/keys",
        "href": "https://iam.googleapis.com/v1/projects/lukaszprotosawicki-4c4d5/serviceAccounts/github-action-299088551@lukaszprotosawicki-4c4d5.iam.gserviceaccount.com/keys"
      },
      "method": "POST"
    }
  }
}
